#! /c/Source/iverilog-install/bin/vvp
:ivl_version "12.0 (devel)" "(s20150603-1539-g2693dd32b)";
:ivl_delay_selection "TYPICAL";
:vpi_time_precision - 12;
:vpi_module "C:\iverilog\lib\ivl\system.vpi";
:vpi_module "C:\iverilog\lib\ivl\vhdl_sys.vpi";
:vpi_module "C:\iverilog\lib\ivl\vhdl_textio.vpi";
:vpi_module "C:\iverilog\lib\ivl\v2005_math.vpi";
:vpi_module "C:\iverilog\lib\ivl\va_math.vpi";
:vpi_module "C:\iverilog\lib\ivl\v2009.vpi";
S_0000023549034d90 .scope package, "$unit" "$unit" 2 1;
 .timescale 0 0;
S_00000235490333f0 .scope module, "tb_link_top" "tb_link_top" 3 4;
 .timescale -9 -12;
L_00000235490478d0 .functor BUFZ 1, v000002354903fd60_0, C4<0>, C4<0>, C4<0>;
L_0000023549048120 .functor BUFZ 1, v000002354903c230_0, C4<0>, C4<0>, C4<0>;
L_0000023549048200 .functor BUFZ 8, v000002354904c7f0_0, C4<00000000>, C4<00000000>, C4<00000000>;
L_00000235490479b0 .functor BUFZ 8, v00000235490acde0_0, C4<00000000>, C4<00000000>, C4<00000000>;
v00000235490ac480_0 .net "ack", 0 0, L_0000023549048120;  1 drivers
v00000235490ac520_0 .var "ack_d", 0 0;
v00000235490acac0_0 .var "clk", 0 0;
v00000235490acc00_0 .net "data", 7 0, L_0000023549048200;  1 drivers
v00000235490ac660_0 .net "done", 0 0, v000002354904c890_0;  1 drivers
v00000235490ac5c0 .array "got", 3 0, 7 0;
v00000235490ac700_0 .var/i "i", 31 0;
v00000235490ac7a0_0 .net "lastb", 7 0, L_00000235490479b0;  1 drivers
v00000235490acca0_0 .net "req", 0 0, L_00000235490478d0;  1 drivers
v00000235490acd40_0 .var "rst", 0 0;
S_0000023549033580 .scope begin, "$unm_blk_5" "$unm_blk_5" 3 51, 3 51 0, S_00000235490333f0;
 .timescale -9 -12;
v0000023549031fa0_0 .var/i "idx", 31 0;
S_000002354904c4d0 .scope module, "dut" "link_top" 3 8, 4 3 0, S_00000235490333f0;
 .timescale -9 -12;
    .port_info 0 /INPUT 1 "clk";
    .port_info 1 /INPUT 1 "rst";
    .port_info 2 /OUTPUT 1 "done";
v00000235490ac340_0 .net "ack_w", 0 0, v000002354903c230_0;  1 drivers
v00000235490ac980_0 .net "clk", 0 0, v00000235490acac0_0;  1 drivers
v00000235490ace80_0 .net "data_w", 7 0, v000002354904c7f0_0;  1 drivers
v00000235490ac8e0_0 .net "done", 0 0, v000002354904c890_0;  alias, 1 drivers
v00000235490ac3e0_0 .net "last_byte_w", 7 0, v00000235490acde0_0;  1 drivers
v00000235490aca20_0 .net "req_w", 0 0, v000002354903fd60_0;  1 drivers
v00000235490acb60_0 .net "rst", 0 0, v00000235490acd40_0;  1 drivers
S_000002354904c660 .scope module, "u_master" "master_fsm" 4 14, 5 4 0, S_000002354904c4d0;
 .timescale -9 -12;
    .port_info 0 /INPUT 1 "clk";
    .port_info 1 /INPUT 1 "rst";
    .port_info 2 /INPUT 1 "ack";
    .port_info 3 /OUTPUT 1 "req";
    .port_info 4 /OUTPUT 8 "data";
    .port_info 5 /OUTPUT 1 "done";
P_000002354903fa90 .param/l "N_BYTES" 1 5 13, +C4<00000000000000000000000000000100>;
P_000002354903fac8 .param/l "S_DONE" 1 5 33, C4<101>;
P_000002354903fb00 .param/l "S_DRIVE" 1 5 29, C4<001>;
P_000002354903fb38 .param/l "S_DROP_REQ" 1 5 31, C4<011>;
P_000002354903fb70 .param/l "S_IDLE" 1 5 28, C4<000>;
P_000002354903fba8 .param/l "S_NEXT" 1 5 32, C4<100>;
P_000002354903fbe0 .param/l "S_WAIT_ACK" 1 5 30, C4<010>;
v0000023549030530_0 .net "ack", 0 0, v000002354903c230_0;  alias, 1 drivers
v0000023549034f20_0 .net "clk", 0 0, v00000235490acac0_0;  alias, 1 drivers
v000002354904c7f0_0 .var "data", 7 0;
v000002354904c890_0 .var "done", 0 0;
v000002354903fc20_0 .var "idx", 2 0;
v000002354903fcc0_0 .var "nstate", 2 0;
v000002354903fd60_0 .var "req", 0 0;
v000002354903fe00 .array "rom", 3 0, 7 0;
v000002354903be70_0 .net "rst", 0 0, v00000235490acd40_0;  alias, 1 drivers
v000002354903bf10_0 .var "state", 2 0;
E_000002354902b310 .event anyedge, v000002354903bf10_0, v0000023549030530_0, v000002354903fc20_0;
E_000002354902b590 .event posedge, v0000023549034f20_0;
S_000002354903bfb0 .scope module, "u_slave" "slave_fsm" 4 23, 6 3 0, S_000002354904c4d0;
 .timescale -9 -12;
    .port_info 0 /INPUT 1 "clk";
    .port_info 1 /INPUT 1 "rst";
    .port_info 2 /INPUT 1 "req";
    .port_info 3 /INPUT 8 "data_in";
    .port_info 4 /OUTPUT 1 "ack";
    .port_info 5 /OUTPUT 8 "last_byte";
P_000002354903c140 .param/l "W_ASSERT" 1 6 13, C4<01>;
P_000002354903c178 .param/l "W_DROP" 1 6 15, C4<11>;
P_000002354903c1b0 .param/l "W_HOLD" 1 6 14, C4<10>;
P_000002354903c1e8 .param/l "W_WAIT_REQ" 1 6 12, C4<00>;
v000002354903c230_0 .var "ack", 0 0;
v0000023549002ce0_0 .net "clk", 0 0, v00000235490acac0_0;  alias, 1 drivers
v0000023549002d80_0 .net "data_in", 7 0, v000002354904c7f0_0;  alias, 1 drivers
v00000235490ad060_0 .var "hold_cnt", 1 0;
v00000235490acde0_0 .var "last_byte", 7 0;
v00000235490ad100_0 .var "nstate", 1 0;
v00000235490ac840_0 .net "req", 0 0, v000002354903fd60_0;  alias, 1 drivers
v00000235490ac200_0 .net "rst", 0 0, v00000235490acd40_0;  alias, 1 drivers
v00000235490ac2a0_0 .var "state", 1 0;
E_000002354902bd50 .event anyedge, v00000235490ac2a0_0, v000002354903fd60_0, v00000235490ad060_0;
    .scope S_000002354904c660;
T_0 ;
    %pushi/vec4 160, 0, 8;
    %ix/load 4, 0, 0;
    %flag_set/imm 4, 0;
    %store/vec4a v000002354903fe00, 4, 0;
    %pushi/vec4 161, 0, 8;
    %ix/load 4, 1, 0;
    %flag_set/imm 4, 0;
    %store/vec4a v000002354903fe00, 4, 0;
    %pushi/vec4 162, 0, 8;
    %ix/load 4, 2, 0;
    %flag_set/imm 4, 0;
    %store/vec4a v000002354903fe00, 4, 0;
    %pushi/vec4 163, 0, 8;
    %ix/load 4, 3, 0;
    %flag_set/imm 4, 0;
    %store/vec4a v000002354903fe00, 4, 0;
    %end;
    .thread T_0;
    .scope S_000002354904c660;
T_1 ;
    %wait E_000002354902b590;
    %load/vec4 v000002354903be70_0;
    %flag_set/vec4 8;
    %jmp/0xz  T_1.0, 8;
    %pushi/vec4 0, 0, 3;
    %assign/vec4 v000002354903bf10_0, 0;
    %pushi/vec4 0, 0, 1;
    %assign/vec4 v000002354903fd60_0, 0;
    %pushi/vec4 0, 0, 8;
    %assign/vec4 v000002354904c7f0_0, 0;
    %pushi/vec4 0, 0, 1;
    %assign/vec4 v000002354904c890_0, 0;
    %pushi/vec4 0, 0, 3;
    %assign/vec4 v000002354903fc20_0, 0;
    %jmp T_1.1;
T_1.0 ;
    %load/vec4 v000002354903fcc0_0;
    %assign/vec4 v000002354903bf10_0, 0;
    %pushi/vec4 0, 0, 1;
    %assign/vec4 v000002354904c890_0, 0;
    %load/vec4 v000002354903bf10_0;
    %dup/vec4;
    %pushi/vec4 0, 0, 3;
    %cmp/u;
    %jmp/1 T_1.2, 6;
    %dup/vec4;
    %pushi/vec4 1, 0, 3;
    %cmp/u;
    %jmp/1 T_1.3, 6;
    %dup/vec4;
    %pushi/vec4 2, 0, 3;
    %cmp/u;
    %jmp/1 T_1.4, 6;
    %dup/vec4;
    %pushi/vec4 3, 0, 3;
    %cmp/u;
    %jmp/1 T_1.5, 6;
    %dup/vec4;
    %pushi/vec4 4, 0, 3;
    %cmp/u;
    %jmp/1 T_1.6, 6;
    %dup/vec4;
    %pushi/vec4 5, 0, 3;
    %cmp/u;
    %jmp/1 T_1.7, 6;
    %jmp T_1.9;
T_1.2 ;
    %pushi/vec4 0, 0, 3;
    %assign/vec4 v000002354903fc20_0, 0;
    %pushi/vec4 0, 0, 1;
    %assign/vec4 v000002354903fd60_0, 0;
    %pushi/vec4 0, 0, 8;
    %assign/vec4 v000002354904c7f0_0, 0;
    %jmp T_1.9;
T_1.3 ;
    %load/vec4 v000002354903fc20_0;
    %pad/u 4;
    %ix/vec4 4;
    %load/vec4a v000002354903fe00, 4;
    %assign/vec4 v000002354904c7f0_0, 0;
    %pushi/vec4 1, 0, 1;
    %assign/vec4 v000002354903fd60_0, 0;
    %jmp T_1.9;
T_1.4 ;
    %pushi/vec4 1, 0, 1;
    %assign/vec4 v000002354903fd60_0, 0;
    %load/vec4 v000002354903fc20_0;
    %pad/u 4;
    %ix/vec4 4;
    %load/vec4a v000002354903fe00, 4;
    %assign/vec4 v000002354904c7f0_0, 0;
    %jmp T_1.9;
T_1.5 ;
    %pushi/vec4 0, 0, 1;
    %assign/vec4 v000002354903fd60_0, 0;
    %load/vec4 v000002354903fc20_0;
    %pad/u 4;
    %ix/vec4 4;
    %load/vec4a v000002354903fe00, 4;
    %assign/vec4 v000002354904c7f0_0, 0;
    %jmp T_1.9;
T_1.6 ;
    %load/vec4 v000002354903fc20_0;
    %pad/u 32;
    %cmpi/u 3, 0, 32;
    %jmp/0xz  T_1.10, 5;
    %load/vec4 v000002354903fc20_0;
    %addi 1, 0, 3;
    %assign/vec4 v000002354903fc20_0, 0;
T_1.10 ;
    %jmp T_1.9;
T_1.7 ;
    %pushi/vec4 0, 0, 1;
    %assign/vec4 v000002354903fd60_0, 0;
    %pushi/vec4 1, 0, 1;
    %assign/vec4 v000002354904c890_0, 0;
    %jmp T_1.9;
T_1.9 ;
    %pop/vec4 1;
T_1.1 ;
    %jmp T_1;
    .thread T_1;
    .scope S_000002354904c660;
T_2 ;
    %wait E_000002354902b310;
    %load/vec4 v000002354903bf10_0;
    %store/vec4 v000002354903fcc0_0, 0, 3;
    %load/vec4 v000002354903bf10_0;
    %dup/vec4;
    %pushi/vec4 0, 0, 3;
    %cmp/u;
    %jmp/1 T_2.0, 6;
    %dup/vec4;
    %pushi/vec4 1, 0, 3;
    %cmp/u;
    %jmp/1 T_2.1, 6;
    %dup/vec4;
    %pushi/vec4 2, 0, 3;
    %cmp/u;
    %jmp/1 T_2.2, 6;
    %dup/vec4;
    %pushi/vec4 3, 0, 3;
    %cmp/u;
    %jmp/1 T_2.3, 6;
    %dup/vec4;
    %pushi/vec4 4, 0, 3;
    %cmp/u;
    %jmp/1 T_2.4, 6;
    %dup/vec4;
    %pushi/vec4 5, 0, 3;
    %cmp/u;
    %jmp/1 T_2.5, 6;
    %pushi/vec4 0, 0, 3;
    %store/vec4 v000002354903fcc0_0, 0, 3;
    %jmp T_2.7;
T_2.0 ;
    %pushi/vec4 1, 0, 3;
    %store/vec4 v000002354903fcc0_0, 0, 3;
    %jmp T_2.7;
T_2.1 ;
    %pushi/vec4 2, 0, 3;
    %store/vec4 v000002354903fcc0_0, 0, 3;
    %jmp T_2.7;
T_2.2 ;
    %load/vec4 v0000023549030530_0;
    %flag_set/vec4 8;
    %jmp/0 T_2.8, 8;
    %pushi/vec4 3, 0, 3;
    %jmp/1 T_2.9, 8;
T_2.8 ; End of true expr.
    %pushi/vec4 2, 0, 3;
    %jmp/0 T_2.9, 8;
 ; End of false expr.
    %blend;
T_2.9;
    %store/vec4 v000002354903fcc0_0, 0, 3;
    %jmp T_2.7;
T_2.3 ;
    %pushi/vec4 4, 0, 3;
    %store/vec4 v000002354903fcc0_0, 0, 3;
    %jmp T_2.7;
T_2.4 ;
    %load/vec4 v000002354903fc20_0;
    %pad/u 32;
    %cmpi/e 3, 0, 32;
    %flag_mov 8, 4;
    %jmp/0 T_2.10, 8;
    %pushi/vec4 5, 0, 3;
    %jmp/1 T_2.11, 8;
T_2.10 ; End of true expr.
    %pushi/vec4 1, 0, 3;
    %jmp/0 T_2.11, 8;
 ; End of false expr.
    %blend;
T_2.11;
    %store/vec4 v000002354903fcc0_0, 0, 3;
    %jmp T_2.7;
T_2.5 ;
    %pushi/vec4 5, 0, 3;
    %store/vec4 v000002354903fcc0_0, 0, 3;
    %jmp T_2.7;
T_2.7 ;
    %pop/vec4 1;
    %jmp T_2;
    .thread T_2, $push;
    .scope S_000002354903bfb0;
T_3 ;
    %wait E_000002354902b590;
    %load/vec4 v00000235490ac200_0;
    %flag_set/vec4 8;
    %jmp/0xz  T_3.0, 8;
    %pushi/vec4 0, 0, 2;
    %assign/vec4 v00000235490ac2a0_0, 0;
    %pushi/vec4 0, 0, 1;
    %assign/vec4 v000002354903c230_0, 0;
    %pushi/vec4 0, 0, 8;
    %assign/vec4 v00000235490acde0_0, 0;
    %pushi/vec4 0, 0, 2;
    %assign/vec4 v00000235490ad060_0, 0;
    %jmp T_3.1;
T_3.0 ;
    %load/vec4 v00000235490ad100_0;
    %assign/vec4 v00000235490ac2a0_0, 0;
    %load/vec4 v00000235490ac2a0_0;
    %dup/vec4;
    %pushi/vec4 0, 0, 2;
    %cmp/u;
    %jmp/1 T_3.2, 6;
    %dup/vec4;
    %pushi/vec4 1, 0, 2;
    %cmp/u;
    %jmp/1 T_3.3, 6;
    %dup/vec4;
    %pushi/vec4 2, 0, 2;
    %cmp/u;
    %jmp/1 T_3.4, 6;
    %dup/vec4;
    %pushi/vec4 3, 0, 2;
    %cmp/u;
    %jmp/1 T_3.5, 6;
    %jmp T_3.6;
T_3.2 ;
    %pushi/vec4 0, 0, 1;
    %assign/vec4 v000002354903c230_0, 0;
    %load/vec4 v00000235490ac840_0;
    %flag_set/vec4 8;
    %jmp/0xz  T_3.7, 8;
    %load/vec4 v0000023549002d80_0;
    %assign/vec4 v00000235490acde0_0, 0;
    %pushi/vec4 1, 0, 1;
    %assign/vec4 v000002354903c230_0, 0;
    %pushi/vec4 0, 0, 2;
    %assign/vec4 v00000235490ad060_0, 0;
T_3.7 ;
    %jmp T_3.6;
T_3.3 ;
    %pushi/vec4 1, 0, 1;
    %assign/vec4 v000002354903c230_0, 0;
    %load/vec4 v00000235490ad060_0;
    %addi 1, 0, 2;
    %assign/vec4 v00000235490ad060_0, 0;
    %jmp T_3.6;
T_3.4 ;
    %pushi/vec4 1, 0, 1;
    %assign/vec4 v000002354903c230_0, 0;
    %jmp T_3.6;
T_3.5 ;
    %pushi/vec4 0, 0, 1;
    %assign/vec4 v000002354903c230_0, 0;
    %jmp T_3.6;
T_3.6 ;
    %pop/vec4 1;
T_3.1 ;
    %jmp T_3;
    .thread T_3;
    .scope S_000002354903bfb0;
T_4 ;
    %wait E_000002354902bd50;
    %load/vec4 v00000235490ac2a0_0;
    %store/vec4 v00000235490ad100_0, 0, 2;
    %load/vec4 v00000235490ac2a0_0;
    %dup/vec4;
    %pushi/vec4 0, 0, 2;
    %cmp/u;
    %jmp/1 T_4.0, 6;
    %dup/vec4;
    %pushi/vec4 1, 0, 2;
    %cmp/u;
    %jmp/1 T_4.1, 6;
    %dup/vec4;
    %pushi/vec4 2, 0, 2;
    %cmp/u;
    %jmp/1 T_4.2, 6;
    %dup/vec4;
    %pushi/vec4 3, 0, 2;
    %cmp/u;
    %jmp/1 T_4.3, 6;
    %pushi/vec4 0, 0, 2;
    %store/vec4 v00000235490ad100_0, 0, 2;
    %jmp T_4.5;
T_4.0 ;
    %load/vec4 v00000235490ac840_0;
    %flag_set/vec4 8;
    %jmp/0xz  T_4.6, 8;
    %pushi/vec4 1, 0, 2;
    %store/vec4 v00000235490ad100_0, 0, 2;
T_4.6 ;
    %jmp T_4.5;
T_4.1 ;
    %load/vec4 v00000235490ad060_0;
    %cmpi/e 1, 0, 2;
    %jmp/0xz  T_4.8, 4;
    %pushi/vec4 2, 0, 2;
    %store/vec4 v00000235490ad100_0, 0, 2;
    %jmp T_4.9;
T_4.8 ;
    %pushi/vec4 1, 0, 2;
    %store/vec4 v00000235490ad100_0, 0, 2;
T_4.9 ;
    %jmp T_4.5;
T_4.2 ;
    %load/vec4 v00000235490ac840_0;
    %nor/r;
    %flag_set/vec4 8;
    %jmp/0xz  T_4.10, 8;
    %pushi/vec4 3, 0, 2;
    %store/vec4 v00000235490ad100_0, 0, 2;
T_4.10 ;
    %jmp T_4.5;
T_4.3 ;
    %pushi/vec4 0, 0, 2;
    %store/vec4 v00000235490ad100_0, 0, 2;
    %jmp T_4.5;
T_4.5 ;
    %pop/vec4 1;
    %jmp T_4;
    .thread T_4, $push;
    .scope S_00000235490333f0;
T_5 ;
    %pushi/vec4 0, 0, 1;
    %store/vec4 v00000235490acac0_0, 0, 1;
    %end;
    .thread T_5;
    .scope S_00000235490333f0;
T_6 ;
    %delay 5000, 0;
    %load/vec4 v00000235490acac0_0;
    %inv;
    %store/vec4 v00000235490acac0_0, 0, 1;
    %jmp T_6;
    .thread T_6;
    .scope S_00000235490333f0;
T_7 ;
    %pushi/vec4 1, 0, 1;
    %store/vec4 v00000235490acd40_0, 0, 1;
    %pushi/vec4 4, 0, 32;
T_7.0 %dup/vec4;
    %pushi/vec4 0, 0, 32;
    %cmp/s;
    %jmp/1xz T_7.1, 5;
    %jmp/1 T_7.1, 4;
    %pushi/vec4 1, 0, 32;
    %sub;
    %wait E_000002354902b590;
    %jmp T_7.0;
T_7.1 ;
    %pop/vec4 1;
    %pushi/vec4 0, 0, 1;
    %store/vec4 v00000235490acd40_0, 0, 1;
    %end;
    .thread T_7;
    .scope S_00000235490333f0;
T_8 ;
    %vpi_call/w 3 27 "$dumpfile", "dump.vcd" {0 0 0};
    %vpi_call/w 3 28 "$dumpvars", 32'sb00000000000000000000000000000000, S_00000235490333f0 {0 0 0};
    %vpi_call/w 3 30 "$dumpvars", 32'sb00000000000000000000000000000000, S_000002354904c660 {0 0 0};
    %vpi_call/w 3 31 "$dumpvars", 32'sb00000000000000000000000000000000, S_000002354903bfb0 {0 0 0};
    %end;
    .thread T_8;
    .scope S_00000235490333f0;
T_9 ;
    %pushi/vec4 0, 0, 32;
    %store/vec4 v00000235490ac700_0, 0, 32;
T_9.0 ;
    %load/vec4 v00000235490ac700_0;
    %cmpi/s 4, 0, 32;
    %jmp/0xz T_9.1, 5;
    %pushi/vec4 0, 0, 8;
    %ix/getv/s 4, v00000235490ac700_0;
    %store/vec4a v00000235490ac5c0, 4, 0;
    %load/vec4 v00000235490ac700_0;
    %addi 1, 0, 32;
    %store/vec4 v00000235490ac700_0, 0, 32;
    %jmp T_9.0;
T_9.1 ;
    %end;
    .thread T_9;
    .scope S_00000235490333f0;
T_10 ;
    %wait E_000002354902b590;
    %load/vec4 v00000235490ac480_0;
    %assign/vec4 v00000235490ac520_0, 0;
    %load/vec4 v00000235490ac520_0;
    %nor/r;
    %flag_set/vec4 9;
    %flag_get/vec4 9;
    %jmp/0 T_10.2, 9;
    %load/vec4 v00000235490ac480_0;
    %and;
T_10.2;
    %flag_set/vec4 8;
    %jmp/0xz  T_10.0, 8;
    %fork t_1, S_0000023549033580;
    %jmp t_0;
    .scope S_0000023549033580;
t_1 ;
    %ix/load 4, 0, 0;
    %flag_set/imm 4, 0;
    %load/vec4a v00000235490ac5c0, 4;
    %pushi/vec4 0, 0, 8;
    %cmp/ne;
    %flag_get/vec4 4;
    %pad/u 32;
    %ix/load 4, 1, 0;
    %flag_set/imm 4, 0;
    %load/vec4a v00000235490ac5c0, 4;
    %pushi/vec4 0, 0, 8;
    %cmp/ne;
    %flag_get/vec4 4;
    %pad/u 32;
    %add;
    %ix/load 4, 2, 0;
    %flag_set/imm 4, 0;
    %load/vec4a v00000235490ac5c0, 4;
    %pushi/vec4 0, 0, 8;
    %cmp/ne;
    %flag_get/vec4 4;
    %pad/u 32;
    %add;
    %ix/load 4, 3, 0;
    %flag_set/imm 4, 0;
    %load/vec4a v00000235490ac5c0, 4;
    %pushi/vec4 0, 0, 8;
    %cmp/ne;
    %flag_get/vec4 4;
    %pad/u 32;
    %add;
    %store/vec4 v0000023549031fa0_0, 0, 32;
    %load/vec4 v0000023549031fa0_0;
    %cmpi/s 4, 0, 32;
    %jmp/0xz  T_10.3, 5;
    %load/vec4 v00000235490ac7a0_0;
    %ix/getv/s 3, v0000023549031fa0_0;
    %ix/load 4, 0, 0; Constant delay
    %assign/vec4/a/d v00000235490ac5c0, 0, 4;
T_10.3 ;
    %vpi_call/w 3 56 "$display", "[%0t] ACK rise: data=%02h last_byte=%02h req=%0b", $time, v00000235490acc00_0, v00000235490ac7a0_0, v00000235490acca0_0 {0 0 0};
    %end;
    .scope S_00000235490333f0;
t_0 %join;
T_10.0 ;
    %jmp T_10;
    .thread T_10;
    .scope S_00000235490333f0;
T_11 ;
    %wait E_000002354902b590;
    %load/vec4 v00000235490ac660_0;
    %flag_set/vec4 8;
    %jmp/0xz  T_11.0, 8;
    %vpi_call/w 3 63 "$display", "[%0t] DONE observed.", $time {0 0 0};
    %vpi_call/w 3 65 "$display", "Received bytes: %02h %02h %02h %02h", &A<v00000235490ac5c0, 0>, &A<v00000235490ac5c0, 1>, &A<v00000235490ac5c0, 2>, &A<v00000235490ac5c0, 3> {0 0 0};
    %delay 20000, 0;
    %vpi_call/w 3 67 "$finish" {0 0 0};
T_11.0 ;
    %jmp T_11;
    .thread T_11;
# The file index is used to find the file name in the following table.
:file_names 7;
    "N/A";
    "<interactive>";
    "-";
    "tb_link_top.v";
    "link_top.v";
    "master_fsm.v";
    "slave_fsm.v";
